/home/ahyildir/ros2_ws/install/my_first_pkg/lib/python3.10/site-packages/my_first_pkg/depth_controller.py
/home/ahyildir/ros2_ws/install/my_first_pkg/lib/python3.10/site-packages/my_first_pkg/fusion_node.py
/home/ahyildir/ros2_ws/install/my_first_pkg/lib/python3.10/site-packages/my_first_pkg/imu_node.py
/home/ahyildir/ros2_ws/install/my_first_pkg/lib/python3.10/site-packages/my_first_pkg/motor_sim_node.py
/home/ahyildir/ros2_ws/install/my_first_pkg/lib/python3.10/site-packages/my_first_pkg/depth_node.py
/home/ahyildir/ros2_ws/install/my_first_pkg/lib/python3.10/site-packages/my_first_pkg/__init__.py
/home/ahyildir/ros2_ws/install/my_first_pkg/lib/python3.10/site-packages/my_first_pkg/display_node.py
/home/ahyildir/ros2_ws/install/my_first_pkg/lib/python3.10/site-packages/my_first_pkg/temp_sensor.py
/home/ahyildir/ros2_ws/install/my_first_pkg/lib/python3.10/site-packages/my_first_pkg/__pycache__/depth_controller.cpython-310.pyc
/home/ahyildir/ros2_ws/install/my_first_pkg/lib/python3.10/site-packages/my_first_pkg/__pycache__/fusion_node.cpython-310.pyc
/home/ahyildir/ros2_ws/install/my_first_pkg/lib/python3.10/site-packages/my_first_pkg/__pycache__/imu_node.cpython-310.pyc
/home/ahyildir/ros2_ws/install/my_first_pkg/lib/python3.10/site-packages/my_first_pkg/__pycache__/motor_sim_node.cpython-310.pyc
/home/ahyildir/ros2_ws/install/my_first_pkg/lib/python3.10/site-packages/my_first_pkg/__pycache__/depth_node.cpython-310.pyc
/home/ahyildir/ros2_ws/install/my_first_pkg/lib/python3.10/site-packages/my_first_pkg/__pycache__/__init__.cpython-310.pyc
/home/ahyildir/ros2_ws/install/my_first_pkg/lib/python3.10/site-packages/my_first_pkg/__pycache__/display_node.cpython-310.pyc
/home/ahyildir/ros2_ws/install/my_first_pkg/lib/python3.10/site-packages/my_first_pkg/__pycache__/temp_sensor.cpython-310.pyc
/home/ahyildir/ros2_ws/install/my_first_pkg/share/ament_index/resource_index/packages/my_first_pkg
/home/ahyildir/ros2_ws/install/my_first_pkg/share/my_first_pkg/package.xml
/home/ahyildir/ros2_ws/install/my_first_pkg/share/my_first_pkg/launch/sensor_system.launch.py
/home/ahyildir/ros2_ws/install/my_first_pkg/lib/python3.10/site-packages/my_first_pkg-0.0.0-py3.10.egg-info/entry_points.txt
/home/ahyildir/ros2_ws/install/my_first_pkg/lib/python3.10/site-packages/my_first_pkg-0.0.0-py3.10.egg-info/SOURCES.txt
/home/ahyildir/ros2_ws/install/my_first_pkg/lib/python3.10/site-packages/my_first_pkg-0.0.0-py3.10.egg-info/requires.txt
/home/ahyildir/ros2_ws/install/my_first_pkg/lib/python3.10/site-packages/my_first_pkg-0.0.0-py3.10.egg-info/PKG-INFO
/home/ahyildir/ros2_ws/install/my_first_pkg/lib/python3.10/site-packages/my_first_pkg-0.0.0-py3.10.egg-info/dependency_links.txt
/home/ahyildir/ros2_ws/install/my_first_pkg/lib/python3.10/site-packages/my_first_pkg-0.0.0-py3.10.egg-info/top_level.txt
/home/ahyildir/ros2_ws/install/my_first_pkg/lib/python3.10/site-packages/my_first_pkg-0.0.0-py3.10.egg-info/zip-safe
/home/ahyildir/ros2_ws/install/my_first_pkg/lib/my_first_pkg/depth_controller
/home/ahyildir/ros2_ws/install/my_first_pkg/lib/my_first_pkg/display_node
/home/ahyildir/ros2_ws/install/my_first_pkg/lib/my_first_pkg/fusion_node
/home/ahyildir/ros2_ws/install/my_first_pkg/lib/my_first_pkg/imu_node
/home/ahyildir/ros2_ws/install/my_first_pkg/lib/my_first_pkg/motor_sim_node
/home/ahyildir/ros2_ws/install/my_first_pkg/lib/my_first_pkg/temp_sensor
