[0.870s] Invoking command in '/home/ahyildir/ros2_ws/src/my_first_pkg': PYTHONPATH=/home/ahyildir/ros2_ws/build/my_first_pkg/prefix_override:/usr/lib/python3/dist-packages/colcon_core/task/python/colcon_distutils_commands:/home/ahyildir/ros2_ws/install/my_first_pkg/lib/python3.10/site-packages:${PYTHONPATH} /usr/bin/python3 -W ignore:setup.py install is deprecated -W ignore:easy_install command is deprecated setup.py egg_info --egg-base ../../build/my_first_pkg build --build-base /home/ahyildir/ros2_ws/build/my_first_pkg/build install --record /home/ahyildir/ros2_ws/build/my_first_pkg/install.log --single-version-externally-managed install_data
[1.099s] running egg_info
[1.117s] writing ../../build/my_first_pkg/my_first_pkg.egg-info/PKG-INFO
[1.117s] writing dependency_links to ../../build/my_first_pkg/my_first_pkg.egg-info/dependency_links.txt
[1.117s] writing entry points to ../../build/my_first_pkg/my_first_pkg.egg-info/entry_points.txt
[1.117s] writing requirements to ../../build/my_first_pkg/my_first_pkg.egg-info/requires.txt
[1.117s] writing top-level names to ../../build/my_first_pkg/my_first_pkg.egg-info/top_level.txt
[1.146s] reading manifest file '../../build/my_first_pkg/my_first_pkg.egg-info/SOURCES.txt'
[1.147s] writing manifest file '../../build/my_first_pkg/my_first_pkg.egg-info/SOURCES.txt'
[1.147s] running build
[1.148s] running build_py
[1.148s] copying my_first_pkg/imu_node.py -> /home/ahyildir/ros2_ws/build/my_first_pkg/build/lib/my_first_pkg
[1.148s] copying my_first_pkg/__init__.py -> /home/ahyildir/ros2_ws/build/my_first_pkg/build/lib/my_first_pkg
[1.148s] copying my_first_pkg/display_node.py -> /home/ahyildir/ros2_ws/build/my_first_pkg/build/lib/my_first_pkg
[1.149s] copying my_first_pkg/temp_sensor.py -> /home/ahyildir/ros2_ws/build/my_first_pkg/build/lib/my_first_pkg
[1.149s] running install
[1.154s] running install_lib
[1.168s] copying /home/ahyildir/ros2_ws/build/my_first_pkg/build/lib/my_first_pkg/imu_node.py -> /home/ahyildir/ros2_ws/install/my_first_pkg/lib/python3.10/site-packages/my_first_pkg
[1.169s] byte-compiling /home/ahyildir/ros2_ws/install/my_first_pkg/lib/python3.10/site-packages/my_first_pkg/imu_node.py to imu_node.cpython-310.pyc
[1.170s] running install_data
[1.170s] copying resource/my_first_pkg -> /home/ahyildir/ros2_ws/install/my_first_pkg/share/ament_index/resource_index/packages
[1.171s] copying package.xml -> /home/ahyildir/ros2_ws/install/my_first_pkg/share/my_first_pkg
[1.171s] copying /home/ahyildir/ros2_ws/src/my_first_pkg/launch/sensor_system.launch.py -> /home/ahyildir/ros2_ws/install/my_first_pkg/share/my_first_pkg/launch
[1.171s] running install_egg_info
[1.188s] removing '/home/ahyildir/ros2_ws/install/my_first_pkg/lib/python3.10/site-packages/my_first_pkg-0.0.0-py3.10.egg-info' (and everything under it)
[1.189s] Copying ../../build/my_first_pkg/my_first_pkg.egg-info to /home/ahyildir/ros2_ws/install/my_first_pkg/lib/python3.10/site-packages/my_first_pkg-0.0.0-py3.10.egg-info
[1.191s] running install_scripts
[1.335s] Installing display_node script to /home/ahyildir/ros2_ws/install/my_first_pkg/lib/my_first_pkg
[1.340s] Installing imu_node script to /home/ahyildir/ros2_ws/install/my_first_pkg/lib/my_first_pkg
[1.340s] Installing temp_sensor script to /home/ahyildir/ros2_ws/install/my_first_pkg/lib/my_first_pkg
[1.340s] writing list of installed files to '/home/ahyildir/ros2_ws/build/my_first_pkg/install.log'
[1.366s] Invoked command in '/home/ahyildir/ros2_ws/src/my_first_pkg' returned '0': PYTHONPATH=/home/ahyildir/ros2_ws/build/my_first_pkg/prefix_override:/usr/lib/python3/dist-packages/colcon_core/task/python/colcon_distutils_commands:/home/ahyildir/ros2_ws/install/my_first_pkg/lib/python3.10/site-packages:${PYTHONPATH} /usr/bin/python3 -W ignore:setup.py install is deprecated -W ignore:easy_install command is deprecated setup.py egg_info --egg-base ../../build/my_first_pkg build --build-base /home/ahyildir/ros2_ws/build/my_first_pkg/build install --record /home/ahyildir/ros2_ws/build/my_first_pkg/install.log --single-version-externally-managed install_data
