[0.807s] Invoking command in '/home/ahyildir/ros2_ws/src/my_first_pkg': PYTHONPATH=/home/ahyildir/ros2_ws/build/my_first_pkg/prefix_override:/usr/lib/python3/dist-packages/colcon_core/task/python/colcon_distutils_commands:/home/ahyildir/ros2_ws/install/my_first_pkg/lib/python3.10/site-packages:${PYTHONPATH} /usr/bin/python3 -W ignore:setup.py install is deprecated -W ignore:easy_install command is deprecated setup.py egg_info --egg-base ../../build/my_first_pkg build --build-base /home/ahyildir/ros2_ws/build/my_first_pkg/build install --record /home/ahyildir/ros2_ws/build/my_first_pkg/install.log --single-version-externally-managed install_data
[1.041s] running egg_info
[1.056s] writing ../../build/my_first_pkg/my_first_pkg.egg-info/PKG-INFO
[1.057s] writing dependency_links to ../../build/my_first_pkg/my_first_pkg.egg-info/dependency_links.txt
[1.057s] writing entry points to ../../build/my_first_pkg/my_first_pkg.egg-info/entry_points.txt
[1.058s] writing requirements to ../../build/my_first_pkg/my_first_pkg.egg-info/requires.txt
[1.058s] writing top-level names to ../../build/my_first_pkg/my_first_pkg.egg-info/top_level.txt
[1.087s] reading manifest file '../../build/my_first_pkg/my_first_pkg.egg-info/SOURCES.txt'
[1.090s] writing manifest file '../../build/my_first_pkg/my_first_pkg.egg-info/SOURCES.txt'
[1.090s] running build
[1.090s] running build_py
[1.092s] copying my_first_pkg/depth_controller.py -> /home/ahyildir/ros2_ws/build/my_first_pkg/build/lib/my_first_pkg
[1.093s] copying my_first_pkg/fusion_node.py -> /home/ahyildir/ros2_ws/build/my_first_pkg/build/lib/my_first_pkg
[1.093s] copying my_first_pkg/imu_node.py -> /home/ahyildir/ros2_ws/build/my_first_pkg/build/lib/my_first_pkg
[1.093s] copying my_first_pkg/motor_sim_node.py -> /home/ahyildir/ros2_ws/build/my_first_pkg/build/lib/my_first_pkg
[1.093s] copying my_first_pkg/depth_node.py -> /home/ahyildir/ros2_ws/build/my_first_pkg/build/lib/my_first_pkg
[1.093s] copying my_first_pkg/__init__.py -> /home/ahyildir/ros2_ws/build/my_first_pkg/build/lib/my_first_pkg
[1.093s] copying my_first_pkg/display_node.py -> /home/ahyildir/ros2_ws/build/my_first_pkg/build/lib/my_first_pkg
[1.094s] copying my_first_pkg/temp_sensor.py -> /home/ahyildir/ros2_ws/build/my_first_pkg/build/lib/my_first_pkg
[1.094s] running install
[1.099s] running install_lib
[1.113s] copying /home/ahyildir/ros2_ws/build/my_first_pkg/build/lib/my_first_pkg/motor_sim_node.py -> /home/ahyildir/ros2_ws/install/my_first_pkg/lib/python3.10/site-packages/my_first_pkg
[1.114s] byte-compiling /home/ahyildir/ros2_ws/install/my_first_pkg/lib/python3.10/site-packages/my_first_pkg/motor_sim_node.py to motor_sim_node.cpython-310.pyc
[1.116s] running install_data
[1.117s] copying resource/my_first_pkg -> /home/ahyildir/ros2_ws/install/my_first_pkg/share/ament_index/resource_index/packages
[1.117s] copying package.xml -> /home/ahyildir/ros2_ws/install/my_first_pkg/share/my_first_pkg
[1.117s] copying /home/ahyildir/ros2_ws/src/my_first_pkg/launch/sensor_system.launch.py -> /home/ahyildir/ros2_ws/install/my_first_pkg/share/my_first_pkg/launch
[1.118s] running install_egg_info
[1.135s] removing '/home/ahyildir/ros2_ws/install/my_first_pkg/lib/python3.10/site-packages/my_first_pkg-0.0.0-py3.10.egg-info' (and everything under it)
[1.135s] Copying ../../build/my_first_pkg/my_first_pkg.egg-info to /home/ahyildir/ros2_ws/install/my_first_pkg/lib/python3.10/site-packages/my_first_pkg-0.0.0-py3.10.egg-info
[1.137s] running install_scripts
[1.278s] Installing depth_controller script to /home/ahyildir/ros2_ws/install/my_first_pkg/lib/my_first_pkg
[1.278s] Installing display_node script to /home/ahyildir/ros2_ws/install/my_first_pkg/lib/my_first_pkg
[1.279s] Installing fusion_node script to /home/ahyildir/ros2_ws/install/my_first_pkg/lib/my_first_pkg
[1.284s] Installing imu_node script to /home/ahyildir/ros2_ws/install/my_first_pkg/lib/my_first_pkg
[1.284s] Installing motor_sim_node script to /home/ahyildir/ros2_ws/install/my_first_pkg/lib/my_first_pkg
[1.284s] Installing temp_sensor script to /home/ahyildir/ros2_ws/install/my_first_pkg/lib/my_first_pkg
[1.284s] writing list of installed files to '/home/ahyildir/ros2_ws/build/my_first_pkg/install.log'
[1.313s] Invoked command in '/home/ahyildir/ros2_ws/src/my_first_pkg' returned '0': PYTHONPATH=/home/ahyildir/ros2_ws/build/my_first_pkg/prefix_override:/usr/lib/python3/dist-packages/colcon_core/task/python/colcon_distutils_commands:/home/ahyildir/ros2_ws/install/my_first_pkg/lib/python3.10/site-packages:${PYTHONPATH} /usr/bin/python3 -W ignore:setup.py install is deprecated -W ignore:easy_install command is deprecated setup.py egg_info --egg-base ../../build/my_first_pkg build --build-base /home/ahyildir/ros2_ws/build/my_first_pkg/build install --record /home/ahyildir/ros2_ws/build/my_first_pkg/install.log --single-version-externally-managed install_data
